C:\Program Files (x86)\Microsoft Visual Studio\2017\Community\Common7\IDE\VC\VCTargets\Microsoft.CppBuild.targets(391,5): warning MSB8028: 중간 디렉터리(Debug\)에 다른 프로젝트(17136.vcxproj, 색종이 붙이기[17136].vcxproj)에서 공유하는 파일이 포함되어 있습니다.  이로 인해 잘못된 정리 및 다시 빌드 동작이 수행될 수 있습니다.
  DSLR[9019](1).cpp
c:\users\cheerup\source\repos\sw\sw\dslr[9019](1).cpp(66): error C4996: 'scanf': This function or variable may be unsafe. Consider using scanf_s instead. To disable deprecation, use _CRT_SECURE_NO_WARNINGS. See online help for details.
  c:\program files (x86)\windows kits\10\include\10.0.17134.0\ucrt\stdio.h(1274): note: 'scanf' 선언을 참조하십시오.
c:\users\cheerup\source\repos\sw\sw\dslr[9019](1).cpp(68): error C4996: 'scanf': This function or variable may be unsafe. Consider using scanf_s instead. To disable deprecation, use _CRT_SECURE_NO_WARNINGS. See online help for details.
  c:\program files (x86)\windows kits\10\include\10.0.17134.0\ucrt\stdio.h(1274): note: 'scanf' 선언을 참조하십시오.
  DSLR[9019](2).cpp
  괄호 추가하기[16637].cpp
c1xx : fatal error C1083: 소스 파일을 열 수 없습니다. '..\..\today_sol\괄호 추가하기\괄호 추가하기[16637].cpp': No such file or directory
  괄호 추가하기2[16638].cpp
c:\users\cheerup\documents\github\algorithm-study\al 문제\sw\sw\괄호 추가하기2[16638].cpp(62): warning C4018: '<': signed 또는 unsigned가 일치하지 않습니다.
c:\users\cheerup\documents\github\algorithm-study\al 문제\sw\sw\괄호 추가하기2[16638].cpp(80): warning C4018: '<': signed 또는 unsigned가 일치하지 않습니다.
  괄호 추가하기3.cpp
c:\users\cheerup\documents\github\algorithm-study\al 문제\sw\sw\괄호 추가하기3.cpp(43): warning C4018: '<': signed 또는 unsigned가 일치하지 않습니다.
c:\users\cheerup\documents\github\algorithm-study\al 문제\sw\sw\괄호 추가하기3.cpp(53): warning C4018: '<': signed 또는 unsigned가 일치하지 않습니다.
  달이 차오른다, 가자[1194].cpp
  레이저 통신[6087](1).cpp
  로봇[1726].cpp
  말이 되고픈 원숭이[1600].cpp
  보이저 1호.cpp
c1xx : fatal error C1083: 소스 파일을 열 수 없습니다. '보이저 1호.cpp': No such file or directory
  보이저 1호[3987](2).cpp
c1xx : fatal error C1083: 소스 파일을 열 수 없습니다. '보이저 1호[3987](2).cpp': No such file or directory
  봄버맨[16918](2).cpp
  봄버맨[16918[(1).cpp
  색종이 붙이기[17136](1).cpp
  미세먼지 안녕[17144].cpp
  낚시왕[17143].cpp
  열쇠[9328](1).cpp
c:\users\cheerup\documents\github\algorithm-study\al 문제\sw\sw\열쇠[9328](1).cpp(50): error C4996: 'scanf': This function or variable may be unsafe. Consider using scanf_s instead. To disable deprecation, use _CRT_SECURE_NO_WARNINGS. See online help for details.
  c:\program files (x86)\windows kits\10\include\10.0.17134.0\ucrt\stdio.h(1274): note: 'scanf' 선언을 참조하십시오.
c:\users\cheerup\documents\github\algorithm-study\al 문제\sw\sw\열쇠[9328](1).cpp(54): error C4996: 'scanf': This function or variable may be unsafe. Consider using scanf_s instead. To disable deprecation, use _CRT_SECURE_NO_WARNINGS. See online help for details.
  c:\program files (x86)\windows kits\10\include\10.0.17134.0\ucrt\stdio.h(1274): note: 'scanf' 선언을 참조하십시오.
c:\users\cheerup\documents\github\algorithm-study\al 문제\sw\sw\열쇠[9328](1).cpp(62): error C4996: 'scanf': This function or variable may be unsafe. Consider using scanf_s instead. To disable deprecation, use _CRT_SECURE_NO_WARNINGS. See online help for details.
  c:\program files (x86)\windows kits\10\include\10.0.17134.0\ucrt\stdio.h(1274): note: 'scanf' 선언을 참조하십시오.
  열쇠[9328](2).cpp
  장군[16509].cpp
c:\users\cheerup\documents\github\algorithm-study\al 문제\sw\sw\장군[16509].cpp(78): error C4996: 'scanf': This function or variable may be unsafe. Consider using scanf_s instead. To disable deprecation, use _CRT_SECURE_NO_WARNINGS. See online help for details.
  c:\program files (x86)\windows kits\10\include\10.0.17134.0\ucrt\stdio.h(1274): note: 'scanf' 선언을 참조하십시오.
c:\users\cheerup\documents\github\algorithm-study\al 문제\sw\sw\장군[16509].cpp(79): error C4996: 'scanf': This function or variable may be unsafe. Consider using scanf_s instead. To disable deprecation, use _CRT_SECURE_NO_WARNINGS. See online help for details.
  c:\program files (x86)\windows kits\10\include\10.0.17134.0\ucrt\stdio.h(1274): note: 'scanf' 선언을 참조하십시오.
  치즈[2638].cpp
  코드를 생성하고 있습니다...
c:\users\cheerup\documents\github\algorithm-study\al 문제\sw\sw\괄호 추가하기3.cpp(25): warning C4715: 'calculate': 모든 제어 경로에서 값을 반환하지는 않습니다.
  컴파일하고 있습니다...
  통나무 옮기기[1938](1).cpp
c:\users\cheerup\documents\github\algorithm-study\al 문제\sw\sw\통나무 옮기기[1938](1).cpp(125): error C4996: 'scanf': This function or variable may be unsafe. Consider using scanf_s instead. To disable deprecation, use _CRT_SECURE_NO_WARNINGS. See online help for details.
  c:\program files (x86)\windows kits\10\include\10.0.17134.0\ucrt\stdio.h(1274): note: 'scanf' 선언을 참조하십시오.
c:\users\cheerup\documents\github\algorithm-study\al 문제\sw\sw\통나무 옮기기[1938](1).cpp(130): error C4996: 'scanf': This function or variable may be unsafe. Consider using scanf_s instead. To disable deprecation, use _CRT_SECURE_NO_WARNINGS. See online help for details.
  c:\program files (x86)\windows kits\10\include\10.0.17134.0\ucrt\stdio.h(1274): note: 'scanf' 선언을 참조하십시오.
  파이프 옮기기[17070](1).cpp
  파이프 옮기기[17070](2).cpp
c:\users\cheerup\documents\github\algorithm-study\al 문제\sw\sw\파이프 옮기기[17070](2).cpp(34): warning C4477: 'scanf_s' : 서식 문자열 '%d'에 'int *' 형식의 인수가 필요하지만 variadic 인수 1의 형식이 'int'입니다.
  파이프 옮기기2[17069].cpp
  색종이 붙이기[17136](2).cpp
  퍼즐[1525](1).cpp
  퍼즐[2525](2).cpp
  코드를 생성하고 있습니다...
